Arguments: 
  /usr/local/Cellar/node/15.14.0/bin/node /usr/local/Cellar/yarn/1.22.10/libexec/bin/yarn.js add murter

PATH: 
  /usr/local/opt/ruby/bin:/usr/local/opt/openssl@1.1/bin:/Users/psw/.gem/ruby/2.6.3/bin:/Users/psw/.rvm/gems/ruby-3.0.0/bin:/Users/psw/.rvm/gems/ruby-3.0.0@global/bin:/Users/psw/.rvm/rubies/ruby-3.0.0/bin:/Library/Frameworks/Python.framework/Versions/3.9/bin:/usr/local/bin:/usr/bin:/bin:/usr/sbin:/sbin:/Library/Apple/usr/bin:/usr/local/opt/ruby/bin:/usr/local/opt/openssl@1.1/bin:/Users/psw/opt/anaconda3/condabin:/Users/psw/.gem/ruby/2.6.3/bin:/Users/psw/.rvm/gems/ruby-3.0.0/bin:/Users/psw/.rvm/gems/ruby-3.0.0@global/bin:/Users/psw/.rvm/rubies/ruby-3.0.0/bin:/Library/Frameworks/Python.framework/Versions/3.9/bin:/Users/psw/Library/Android/sdk/emulator:/Users/psw/Library/Android/sdk/tools:/Users/psw/Library/Android/sdk/tools/bin:/Users/psw/Library/Android/sdk/platform-tools:/Users/psw/.rvm/bin:/Library/Java/JavaVirtualMachines/adoptopenjdk-8.jdk/Contents/Home/bin:/Users/psw/Library/Android/sdk/emulator:/Users/psw/Library/Android/sdk/tools:/Users/psw/Library/Android/sdk/tools/bin:/Users/psw/Library/Android/sdk/platform-tools:/Library/Java/JavaVirtualMachines/adoptopenjdk-8.jdk/Contents/Home/bin

Yarn version: 
  1.22.10

Node version: 
  15.14.0

Platform: 
  darwin x64

Trace: 
  Error: https://registry.yarnpkg.com/murter: Not found
      at Request.params.callback [as _callback] (/usr/local/Cellar/yarn/1.22.10/libexec/lib/cli.js:66988:18)
      at Request.self.callback (/usr/local/Cellar/yarn/1.22.10/libexec/lib/cli.js:140749:22)
      at Request.emit (node:events:369:20)
      at Request.<anonymous> (/usr/local/Cellar/yarn/1.22.10/libexec/lib/cli.js:141721:10)
      at Request.emit (node:events:369:20)
      at IncomingMessage.<anonymous> (/usr/local/Cellar/yarn/1.22.10/libexec/lib/cli.js:141643:12)
      at Object.onceWrapper (node:events:475:28)
      at IncomingMessage.emit (node:events:381:22)
      at endReadableNT (node:internal/streams/readable:1307:12)
      at processTicksAndRejections (node:internal/process/task_queues:81:21)

npm manifest: 
  No manifest

yarn manifest: 
  No manifest

Lockfile: 
  No lockfile
